C51 COMPILER V9.00   APP                                                                   11/27/2020 22:03:06 PAGE 1   


C51 COMPILER V9.00, COMPILATION OF MODULE APP
OBJECT MODULE PLACED IN .\app.obj
COMPILER INVOKED BY: C:\Keil_v5\C51\BIN\C51.EXE ..\APP\app.c OPTIMIZE(8,SPEED) BROWSE INCDIR(..\51OS;..\APP;..\BSP;..\HA
                    -RDWARE;..\..\51-OS;..\Project) DEBUG OBJECTEXTEND PRINT(.\app.lst) TABS(2) OBJECT(.\app.obj)

line level    source

   1          #include "app.h"
   2          #include "OS.h"
   3          #include "led.h"
   4          #include "bsp.h"
   5          
   6          #define TASK1_STK_SIZE 15
   7          #define TASK2_STK_SIZE 15
   8          
   9          static CPU_STK Task1_Stk[TASK1_STK_SIZE];
  10          static CPU_STK Task2_Stk[TASK2_STK_SIZE];
  11          
  12          static OS_TCB  Task1Tcb;
  13          static OS_TCB  Task2Tcb;
  14          
  15          void task1(void);
  16          void task2(void);
  17          
  18          sbit LED0=P2^0;
  19          sbit LED1=P2^1;
  20          void main(void)
  21          {
  22   1        OS_SysTickInit();
  23   1        OS_RdyListInit();
  24   1        
  25   1      
  26   1                    
  27   1        OSTaskCreat(
  28   1                    &Task1Tcb,
  29   1                    (unsigned int)   &task1,
  30   1                    1,
  31   1                    &Task1_Stk,
  32   1                    TASK1_STK_SIZE
  33   1                   ); 
  34   1      
  35   1                      
  36   1        OSTaskCreat(
  37   1                    &Task2Tcb,
  38   1                    (unsigned int)   &task2,
  39   1                    0,
  40   1                    &Task2_Stk,
  41   1                    TASK2_STK_SIZE
  42   1                   );
  43   1                    
  44   1          OSTaskCreat(
  45   1                    &OS_IdleTaskTcb,
  46   1                    (unsigned int)   &OS_IdleTask,
  47   1                    2,
  48   1                    &OS_IdleTaskStk,
  49   1                    OS_IdleTaskStkSize
  50   1                   ); 
  51   1        while(1)
  52   1        {
  53   2          LED1=~LED1;
  54   2        }
C51 COMPILER V9.00   APP                                                                   11/27/2020 22:03:06 PAGE 2   

  55   1      }
  56          
  57          void task1(void) 
  58          {
  59   1           static unsigned char OK_flag1;
  60   1        while(1)
  61   1        {
  62   2          LED1=~LED1;
  63   2          delay_ms(500);
  64   2        }
  65   1      }
*** WARNING C280 IN LINE 59 OF ..\APP\APP.C: 'OK_flag1': unreferenced local variable
  66          
  67          
  68          void task2(void)
  69          {
  70   1           static unsigned char OK_flag2;
  71   1        while(1)
  72   1        {
  73   2          LED0=~LED0;
  74   2          delay_ms(1000);
  75   2        }
  76   1      }
*** WARNING C280 IN LINE 70 OF ..\APP\APP.C: 'OK_flag2': unreferenced local variable
  77          
  78          
  79          void  OS_IdleTask(void)
  80          {
  81   1         static unsigned char OK_flag;
  82   1        while(1)
  83   1        {
  84   2          for(OK_flag=0;OK_flag<100;OK_flag++);
  85   2        }
  86   1      }
  87          


MODULE INFORMATION:   STATIC OVERLAYABLE
   CODE SIZE        =    126    ----
   CONSTANT SIZE    =   ----    ----
   XDATA SIZE       =   ----    ----
   PDATA SIZE       =   ----    ----
   DATA SIZE        =     49    ----
   IDATA SIZE       =   ----    ----
   BIT SIZE         =   ----    ----
END OF MODULE INFORMATION.


C51 COMPILATION COMPLETE.  2 WARNING(S),  0 ERROR(S)
