C51 COMPILER V9.00   LED                                                                   11/27/2020 21:58:29 PAGE 1   


C51 COMPILER V9.00, COMPILATION OF MODULE LED
OBJECT MODULE PLACED IN .\led.obj
COMPILER INVOKED BY: C:\Keil_v5\C51\BIN\C51.EXE ..\HARDWARE\led.c OPTIMIZE(8,SPEED) BROWSE INCDIR(..\51OS;..\APP;..\BSP;
                    -..\HARDWARE;..\..\51-OS;..\Project) DEBUG OBJECTEXTEND PRINT(.\led.lst) TABS(2) OBJECT(.\led.obj)

line level    source

   1          #include "OS.h"
   2          #include "led.h"
   3          
   4          


MODULE INFORMATION:   STATIC OVERLAYABLE
   CODE SIZE        =   ----    ----
   CONSTANT SIZE    =   ----    ----
   XDATA SIZE       =   ----    ----
   PDATA SIZE       =   ----    ----
   DATA SIZE        =   ----    ----
   IDATA SIZE       =   ----    ----
   BIT SIZE         =   ----    ----
END OF MODULE INFORMATION.


C51 COMPILATION COMPLETE.  0 WARNING(S),  0 ERROR(S)
