C51 COMPILER V9.00   MAIN                                                                  10/02/2020 16:02:14 PAGE 1   


C51 COMPILER V9.00, COMPILATION OF MODULE MAIN
OBJECT MODULE PLACED IN .\main.obj
COMPILER INVOKED BY: C:\Keil_v5\C51\BIN\C51.EXE ..\APP\main.c OPTIMIZE(8,SPEED) BROWSE INCDIR(..\51OS;..\APP;..\BSP;..\H
                    -ARDWARE;..\..\51-OS) DEBUG OBJECTEXTEND PRINT(.\main.lst) TABS(2) OBJECT(.\main.obj)

line level    source

   1          #include "main.h"
   2          #include "OS.h"
   3          #include "led.h"
   4          #include "bsp.h"
   5          
   6          void main(void)
   7          {
   8   1        
   9   1      }


MODULE INFORMATION:   STATIC OVERLAYABLE
   CODE SIZE        =      1    ----
   CONSTANT SIZE    =   ----    ----
   XDATA SIZE       =   ----    ----
   PDATA SIZE       =   ----    ----
   DATA SIZE        =   ----    ----
   IDATA SIZE       =   ----    ----
   BIT SIZE         =   ----    ----
END OF MODULE INFORMATION.


C51 COMPILATION COMPLETE.  0 WARNING(S),  0 ERROR(S)
